2026-01-30 03:40:58 - INFO - ==================================================
2026-01-30 03:40:58 - INFO - GPU 训练任务调度器启动
2026-01-30 03:40:58 - INFO - ==================================================
2026-01-30 03:40:58 - INFO - ----------------------------------------
2026-01-30 03:40:58 - INFO - 新任务添加到 pending 池: sft_training_task1
2026-01-30 03:40:58 - INFO - 新任务添加到 pending 池: sft_training_task2
2026-01-30 03:40:58 - INFO - 空闲 GPU: [4, 5, 6, 7]
2026-01-30 03:40:58 - ERROR - 启动任务 sft_training_task1 失败: [Errno 2] No such file or directory: '/path/to/project'
2026-01-30 03:40:58 - ERROR - 启动任务 sft_training_task2 失败: [Errno 2] No such file or directory: '/path/to/another/project'
2026-01-30 03:40:58 - INFO - 任务状态 - Pending: 2, Running: 0, Completed: 0, Failed: 0
2026-01-30 03:40:58 - INFO - 等待 300 秒后进行下一次调度...
2026-01-30 03:41:11 - INFO - 收到中断信号，调度器退出
2026-01-30 03:41:52 - INFO - ==================================================
2026-01-30 03:41:52 - INFO - GPU 训练任务调度器启动
2026-01-30 03:41:52 - INFO - ==================================================
2026-01-30 03:41:52 - INFO - ----------------------------------------
2026-01-30 03:41:52 - INFO - 空闲 GPU: [4, 5, 6, 7]
2026-01-30 03:41:52 - ERROR - 启动任务 sft_training_task1 失败: [Errno 2] No such file or directory: '/path/to/project'
2026-01-30 03:41:52 - ERROR - 启动任务 sft_training_task2 失败: [Errno 2] No such file or directory: '/path/to/another/project'
2026-01-30 03:41:52 - INFO - 任务状态 - Pending: 2, Running: 0, Completed: 0, Failed: 0
2026-01-30 03:41:52 - INFO - 等待 300 秒后进行下一次调度...
2026-01-30 03:41:56 - INFO - 收到中断信号，调度器退出
2026-01-30 04:02:52 - INFO - ==================================================
2026-01-30 04:02:52 - INFO - GPU 训练任务调度器启动
2026-01-30 04:02:52 - INFO - ==================================================
2026-01-30 04:02:52 - INFO - ----------------------------------------
2026-01-30 04:02:52 - INFO - 空闲 GPU: [4]
2026-01-30 04:02:52 - INFO - 任务状态 - Pending: 2, Running: 0, Completed: 0, Failed: 0
2026-01-30 04:02:52 - INFO - 等待 300 秒后进行下一次调度...
2026-01-30 04:07:52 - INFO - ----------------------------------------
2026-01-30 04:07:53 - INFO - 没有空闲 GPU
2026-01-30 04:07:53 - INFO - 任务状态 - Pending: 2, Running: 0, Completed: 0, Failed: 0
2026-01-30 04:07:53 - INFO - 等待 300 秒后进行下一次调度...
2026-01-30 04:07:59 - INFO - 收到中断信号，调度器退出
2026-01-30 04:40:50 - INFO - ==================================================
2026-01-30 04:40:50 - INFO - GPU 训练任务调度器启动
2026-01-30 04:40:50 - INFO - ==================================================
2026-01-30 04:40:50 - INFO - ----------------------------------------
2026-01-30 04:40:50 - INFO - 空闲 GPU: [4, 5, 6, 7]
2026-01-30 04:40:50 - ERROR - 启动任务 sft_training_task1 失败: [Errno 2] No such file or directory: '/path/to/project'
2026-01-30 04:40:50 - ERROR - 启动任务 sft_training_task2 失败: [Errno 2] No such file or directory: '/path/to/another/project'
2026-01-30 04:40:50 - INFO - 任务状态 - Pending: 2, Running: 0, Completed: 0, Failed: 0
2026-01-30 04:40:50 - INFO - 等待 300 秒后进行下一次调度...
2026-01-30 04:41:02 - INFO - 收到中断信号，调度器退出
2026-01-30 04:41:32 - INFO - ==================================================
2026-01-30 04:41:32 - INFO - GPU 训练任务调度器启动
2026-01-30 04:41:32 - INFO - ==================================================
2026-01-30 04:41:32 - INFO - ----------------------------------------
2026-01-30 04:41:32 - INFO - 新任务添加到 pending 池: sft_training_task1
2026-01-30 04:41:32 - INFO - 新任务添加到 pending 池: sft_training_task2
2026-01-30 04:41:33 - INFO - 空闲 GPU: [4, 5, 6, 7]
2026-01-30 04:41:33 - INFO - 任务 sft_training_task1 已启动, PID: 3946764, GPUs: 4,5,6,7
2026-01-30 04:41:33 - INFO - 任务 sft_training_task1 已调度, GPUs: [4, 5, 6, 7]
2026-01-30 04:41:33 - INFO - 任务状态 - Pending: 1, Running: 1, Completed: 0, Failed: 0
2026-01-30 04:41:33 - INFO -   运行中: sft_training_task1 (GPUs: [4, 5, 6, 7], PID: 3946764)
2026-01-30 04:41:33 - INFO - 等待 300 秒后进行下一次调度...
2026-01-30 04:46:33 - INFO - ----------------------------------------
2026-01-30 04:46:33 - INFO - 没有空闲 GPU
2026-01-30 04:46:33 - INFO - 任务状态 - Pending: 1, Running: 1, Completed: 0, Failed: 0
2026-01-30 04:46:33 - INFO -   运行中: sft_training_task1 (GPUs: [4, 5, 6, 7], PID: 3946764)
2026-01-30 04:46:33 - INFO - 等待 300 秒后进行下一次调度...
2026-01-30 04:47:28 - INFO - 收到中断信号，调度器退出
2026-01-30 04:54:08 - INFO - ==================================================
2026-01-30 04:54:08 - INFO - GPU 训练任务调度器启动
2026-01-30 04:54:08 - INFO - ==================================================
2026-01-30 04:54:08 - INFO - ----------------------------------------
2026-01-30 04:54:08 - INFO - 新任务添加到 pending 池: sft_training_task2
2026-01-30 04:54:08 - WARNING - 任务 sft_training_task1 失败（进程退出但无完成文件）
2026-01-30 04:54:08 - INFO - 空闲 GPU: [4, 5, 6]
2026-01-30 04:54:08 - INFO - 任务状态 - Pending: 1, Running: 0, Completed: 0, Failed: 1
2026-01-30 04:54:08 - INFO - 等待 300 秒后进行下一次调度...
2026-01-30 04:54:25 - INFO - 收到中断信号，调度器退出
2026-01-30 05:15:19 - INFO - ==================================================
2026-01-30 05:15:19 - INFO - GPU 训练任务调度器启动
2026-01-30 05:15:19 - INFO - ==================================================
2026-01-30 05:15:19 - INFO - ----------------------------------------
2026-01-30 05:15:19 - INFO - 新任务添加到 pending 池: sft_training_task1
2026-01-30 05:15:19 - INFO - 新任务添加到 pending 池: sft_training_task2
2026-01-30 05:15:20 - INFO - 空闲 GPU: [4, 5, 6]
2026-01-30 05:15:20 - INFO - 任务状态 - Pending: 2, Running: 0, Completed: 0, Failed: 0
2026-01-30 05:15:20 - INFO - 等待 300 秒后进行下一次调度...
2026-01-30 05:15:28 - INFO - 收到中断信号，调度器退出
2026-01-30 05:15:39 - INFO - ==================================================
2026-01-30 05:15:39 - INFO - GPU 训练任务调度器启动
2026-01-30 05:15:39 - INFO - ==================================================
2026-01-30 05:15:39 - INFO - ----------------------------------------
2026-01-30 05:15:39 - INFO - 任务 sft_training_task1 配置已更新 (hash: c7fd89fb -> 00e83caf)
2026-01-30 05:15:39 - INFO - 空闲 GPU: [4, 5, 6]
2026-01-30 05:15:39 - ERROR - 启动任务 sft_training_task1 失败: [Errno 2] No such file or directory: '/path/to/project'
2026-01-30 05:15:39 - INFO - 任务状态 - Pending: 2, Running: 0, Completed: 0, Failed: 0
2026-01-30 05:15:39 - INFO - 等待 300 秒后进行下一次调度...
2026-01-30 05:15:43 - INFO - 收到中断信号，调度器退出
2026-01-30 05:16:18 - INFO - ==================================================
2026-01-30 05:16:18 - INFO - GPU 训练任务调度器启动
2026-01-30 05:16:18 - INFO - ==================================================
2026-01-30 05:16:18 - INFO - ----------------------------------------
2026-01-30 05:16:18 - INFO - 任务 sft_training_task1 配置已更新 (hash: 00e83caf -> d1204dc4)
2026-01-30 05:16:18 - INFO - 任务 sft_training_task2 配置已更新 (hash: b90a62df -> c1562dd5)
2026-01-30 05:16:18 - INFO - 空闲 GPU: [4, 5, 6]
2026-01-30 05:16:18 - INFO - 任务 sft_training_task1 已启动, PID: 4066091, GPUs: 4,5,6
2026-01-30 05:16:18 - INFO - 任务 sft_training_task1 已调度, GPUs: [4, 5, 6]
2026-01-30 05:16:18 - INFO - 任务状态 - Pending: 1, Running: 1, Completed: 0, Failed: 0
2026-01-30 05:16:18 - INFO -   运行中: sft_training_task1 (GPUs: [4, 5, 6], PID: 4066091)
2026-01-30 05:16:18 - INFO - 等待 300 秒后进行下一次调度...
2026-01-30 05:17:50 - INFO - 收到中断信号，调度器退出
2026-01-30 05:45:23 - INFO - ==================================================
2026-01-30 05:45:23 - INFO - GPU 训练任务调度器启动
2026-01-30 05:45:23 - INFO - ==================================================
2026-01-30 05:45:23 - INFO - ----------------------------------------
2026-01-30 05:45:23 - WARNING - 任务 sft_training_task1 失败（进程退出但无完成文件）
2026-01-30 05:45:23 - INFO - 空闲 GPU: [4, 5, 6]
2026-01-30 05:45:23 - INFO - 任务状态 - Pending: 1, Running: 0, Completed: 0, Failed: 1
2026-01-30 05:45:23 - INFO - 等待 150 秒后进行下一次调度...
2026-01-30 05:46:01 - INFO - 收到中断信号，调度器退出
2026-01-30 05:46:03 - INFO - ==================================================
2026-01-30 05:46:03 - INFO - GPU 训练任务调度器启动
2026-01-30 05:46:03 - INFO - ==================================================
2026-01-30 05:46:03 - INFO - ----------------------------------------
2026-01-30 05:46:03 - INFO - 任务 sft_training_task1 设置了 retry=true，从 failed 池移回 pending 池 (重试次数: 1)
2026-01-30 05:46:03 - INFO - 空闲 GPU: [4, 5, 6]
2026-01-30 05:46:03 - INFO - 任务 sft_training_task1 已启动, PID: 4162940, GPUs: 4,5,6
2026-01-30 05:46:03 - INFO - 任务 sft_training_task1 已调度, GPUs: [4, 5, 6]
2026-01-30 05:46:03 - INFO - 任务状态 - Pending: 1, Running: 1, Completed: 0, Failed: 0
2026-01-30 05:46:03 - INFO -   运行中: sft_training_task1 (GPUs: [4, 5, 6], PID: 4162940)
2026-01-30 05:46:03 - INFO - 等待 150 秒后进行下一次调度...
2026-01-30 05:46:23 - INFO - 收到中断信号，调度器退出
